[debug] [2020-04-07T05:14:53.375Z] ----------------------------------------------------------------------
[debug] [2020-04-07T05:14:53.376Z] Command:       /usr/local/bin/node /usr/local/bin/firebase serve
[debug] [2020-04-07T05:14:53.377Z] CLI Version:   8.0.2
[debug] [2020-04-07T05:14:53.377Z] Platform:      linux
[debug] [2020-04-07T05:14:53.377Z] Node Version:  v12.16.1
[debug] [2020-04-07T05:14:53.377Z] Time:          Tue Apr 07 2020 02:14:53 GMT-0300 (Argentina Standard Time)
[debug] [2020-04-07T05:14:53.377Z] ----------------------------------------------------------------------
[debug] [2020-04-07T05:14:53.378Z] 
[debug] [2020-04-07T05:14:53.384Z] > command requires scopes: ["email","openid","https://www.googleapis.com/auth/cloudplatformprojects.readonly","https://www.googleapis.com/auth/firebase","https://www.googleapis.com/auth/cloud-platform"]
[debug] [2020-04-07T05:14:53.385Z] > authorizing via signed-in user
[debug] [2020-04-07T05:14:53.385Z] [iam] checking project pedime-lo-que-quieras for permissions ["firebase.projects.get"]
[debug] [2020-04-07T05:14:53.387Z] >>> HTTP REQUEST POST https://cloudresourcemanager.googleapis.com/v1/projects/pedime-lo-que-quieras:testIamPermissions  
 {"permissions":["firebase.projects.get"]}
[debug] [2020-04-07T05:14:54.580Z] <<< HTTP RESPONSE 200 {"content-type":"application/json; charset=UTF-8","vary":"X-Origin, Referer, Origin,Accept-Encoding","date":"Tue, 07 Apr 2020 05:14:55 GMT","server":"ESF","cache-control":"private","x-xss-protection":"0","x-frame-options":"SAMEORIGIN","x-content-type-options":"nosniff","server-timing":"gfet4t7; dur=1089","alt-svc":"quic=\":443\"; ma=2592000; v=\"46,43\",h3-Q050=\":443\"; ma=2592000,h3-Q049=\":443\"; ma=2592000,h3-Q048=\":443\"; ma=2592000,h3-Q046=\":443\"; ma=2592000,h3-Q043=\":443\"; ma=2592000,h3-T050=\":443\"; ma=2592000","accept-ranges":"none","transfer-encoding":"chunked"}
[debug] [2020-04-07T05:14:54.583Z] >>> HTTP REQUEST GET https://firebase.googleapis.com/v1beta1/projects/pedime-lo-que-quieras  
 
[debug] [2020-04-07T05:14:54.892Z] <<< HTTP RESPONSE 200 {"content-type":"application/json; charset=UTF-8","vary":"X-Origin, Referer, Origin,Accept-Encoding","date":"Tue, 07 Apr 2020 05:14:56 GMT","server":"ESF","cache-control":"private","x-xss-protection":"0","x-frame-options":"SAMEORIGIN","x-content-type-options":"nosniff","alt-svc":"quic=\":443\"; ma=2592000; v=\"46,43\",h3-Q050=\":443\"; ma=2592000,h3-Q049=\":443\"; ma=2592000,h3-Q048=\":443\"; ma=2592000,h3-Q046=\":443\"; ma=2592000,h3-Q043=\":443\"; ma=2592000,h3-T050=\":443\"; ma=2592000","accept-ranges":"none","transfer-encoding":"chunked"}
[info] 
[info] === Serving from '/d/Projects/Grupo EON/Pedime Lo Que Quieras'...
[info] 
[debug] [2020-04-07T05:14:54.895Z] >>> HTTP REQUEST GET https://firebase.googleapis.com/v1beta1/projects/pedime-lo-que-quieras/webApps/-/config  
 
[warn] ⚠  Your requested "node" version "8" doesn't match your global version "12"
[info] ✔  functions: functions emulator started at http://localhost:5001
[debug] [2020-04-07T05:14:55.375Z] <<< HTTP RESPONSE 200 {"content-type":"application/json; charset=UTF-8","vary":"X-Origin, Referer, Origin,Accept-Encoding","date":"Tue, 07 Apr 2020 05:14:56 GMT","server":"ESF","cache-control":"private","x-xss-protection":"0","x-frame-options":"SAMEORIGIN","x-content-type-options":"nosniff","alt-svc":"quic=\":443\"; ma=2592000; v=\"46,43\",h3-Q050=\":443\"; ma=2592000,h3-Q049=\":443\"; ma=2592000,h3-Q048=\":443\"; ma=2592000,h3-Q046=\":443\"; ma=2592000,h3-Q043=\":443\"; ma=2592000,h3-T050=\":443\"; ma=2592000","accept-ranges":"none","transfer-encoding":"chunked"}
[info] i  functions: Watching "/d/Projects/Grupo EON/Pedime Lo Que Quieras/functions" for Cloud Functions...
[debug] [2020-04-07T05:14:55.409Z] [worker-pool] addWorker(~diagnostic~) 
[debug] [2020-04-07T05:14:55.409Z] [worker-pool] Adding worker with key ~diagnostic~, total=1 
[debug] [2020-04-07T05:14:55.409Z] [worker-pool] submitWork(triggerId=) 
[debug] [2020-04-07T05:14:55.410Z] [worker-~diagnostic~-2b09d96b-dc3f-4a16-bffc-5590c89c08ff]: Assigning socketPath: /tmp/fire_emu_7831.sock 
[debug] [2020-04-07T05:14:55.410Z] [worker-~diagnostic~-2b09d96b-dc3f-4a16-bffc-5590c89c08ff]: BUSY 
[info] i  hosting: Serving hosting files from: public
[info] ✔  hosting: Local server: http://localhost:5000
[debug] [2020-04-07T05:14:55.679Z] [runtime-status] [7831] Functions runtime initialized. {"cwd":"/d/Projects/Grupo EON/Pedime Lo Que Quieras/functions","node_version":"12.16.1"} 
[debug] [2020-04-07T05:14:55.680Z] [runtime-status] [7831] Disabled runtime features: undefined 
[debug] [2020-04-07T05:14:55.682Z] [runtime-status] [7831] Resolved module firebase-admin {"declared":true,"installed":true,"version":"8.10.0","resolution":"/d/Projects/Grupo EON/Pedime Lo Que Quieras/functions/node_modules/firebase-admin/lib/index.js"} 
[debug] [2020-04-07T05:14:55.685Z] [runtime-status] [7831] Resolved module firebase-functions {"declared":true,"installed":true,"version":"3.6.0","resolution":"/d/Projects/Grupo EON/Pedime Lo Que Quieras/functions/node_modules/firebase-functions/lib/index.js"} 
[debug] [2020-04-07T05:14:55.687Z] [runtime-status] [7831] Outgoing network have been stubbed. [{"name":"http","status":"mocked"},{"name":"http","status":"mocked"},{"name":"https","status":"mocked"},{"name":"https","status":"mocked"},{"name":"net","status":"mocked"}] 
[debug] [2020-04-07T05:14:55.721Z] [runtime-status] [7831] Checked functions.config() {"config":{}} 
[debug] [2020-04-07T05:14:55.722Z] [runtime-status] [7831] Resolved module firebase-functions {"declared":true,"installed":true,"version":"3.6.0","resolution":"/d/Projects/Grupo EON/Pedime Lo Que Quieras/functions/node_modules/firebase-functions/lib/index.js"} 
[debug] [2020-04-07T05:14:55.723Z] [runtime-status] [7831] Resolved module firebase-admin {"declared":true,"installed":true,"version":"8.10.0","resolution":"/d/Projects/Grupo EON/Pedime Lo Que Quieras/functions/node_modules/firebase-admin/lib/index.js"} 
[debug] [2020-04-07T05:14:55.723Z] [runtime-status] [7831] Resolved module firebase-functions {"declared":true,"installed":true,"version":"3.6.0","resolution":"/d/Projects/Grupo EON/Pedime Lo Que Quieras/functions/node_modules/firebase-functions/lib/index.js"} 
[debug] [2020-04-07T05:14:55.723Z] [runtime-status] [7831] firebase-admin has been stubbed. {"adminResolution":{"declared":true,"installed":true,"version":"8.10.0","resolution":"/d/Projects/Grupo EON/Pedime Lo Que Quieras/functions/node_modules/firebase-admin/lib/index.js"}} 
[debug] [2020-04-07T05:14:55.725Z] [worker-~diagnostic~-2b09d96b-dc3f-4a16-bffc-5590c89c08ff]: IDLE 
